<?xml version="1.0" encoding="UTF-8"?>
<testng-results ignored="0" total="1" passed="1" failed="0" skipped="0">
  <reporter-output>
  </reporter-output>
  <suite started-at="2019-08-30T17:57:00Z" name="Default suite" finished-at="2019-08-30T17:59:05Z" duration-ms="125500">
    <groups>
    </groups>
    <test started-at="2019-08-30T17:57:00Z" name="Default test" finished-at="2019-08-30T17:59:05Z" duration-ms="125500">
      <class name="seleniumZavrsni.TestForPeople">
        <test-method is-config="true" signature="setup()[pri:0, instance:seleniumZavrsni.TestForPeople@2ed0fbae]" started-at="2019-08-30T17:57:00Z" name="setup" finished-at="2019-08-30T17:57:04Z" duration-ms="4512" status="PASS">
          <reporter-output>
          </reporter-output>
        </test-method> <!-- setup -->
        <test-method signature="testForPeople()[pri:0, instance:seleniumZavrsni.TestForPeople@2ed0fbae]" started-at="2019-08-30T17:57:04Z" name="testForPeople" finished-at="2019-08-30T17:59:05Z" duration-ms="120960" status="PASS">
          <reporter-output>
          </reporter-output>
        </test-method> <!-- testForPeople -->
      </class> <!-- seleniumZavrsni.TestForPeople -->
    </test> <!-- Default test -->
  </suite> <!-- Default suite -->
</testng-results>
