<?xml version="1.0" encoding="UTF-8"?>
<testng-results ignored="0" total="1" passed="1" failed="0" skipped="0">
  <reporter-output>
  </reporter-output>
  <suite started-at="2019-09-22T19:26:45Z" name="Default suite" finished-at="2019-09-22T19:26:53Z" duration-ms="7313">
    <groups>
    </groups>
    <test started-at="2019-09-22T19:26:45Z" name="Default test" finished-at="2019-09-22T19:26:53Z" duration-ms="7313">
      <class name="htec.TestForTabAndEnterButtonFunctionality">
        <test-method is-config="true" signature="setup()[pri:0, instance:htec.TestForTabAndEnterButtonFunctionality@2ed0fbae]" started-at="2019-09-22T19:26:45Z" name="setup" finished-at="2019-09-22T19:26:50Z" duration-ms="5175" status="PASS">
          <reporter-output>
          </reporter-output>
        </test-method> <!-- setup -->
        <test-method signature="testForLogin()[pri:0, instance:htec.TestForTabAndEnterButtonFunctionality@2ed0fbae]" started-at="2019-09-22T19:26:50Z" name="testForLogin" finished-at="2019-09-22T19:26:53Z" duration-ms="2108" status="PASS">
          <reporter-output>
          </reporter-output>
        </test-method> <!-- testForLogin -->
      </class> <!-- htec.TestForTabAndEnterButtonFunctionality -->
    </test> <!-- Default test -->
  </suite> <!-- Default suite -->
</testng-results>
